<?xml version="1.0" encoding="UTF-8"?>
<!-- Generated by org.testng.reporters.JUnitReportReporter -->
<testsuite hostname="DESKTOP-AGOQQT3" failures="0" tests="2" name="Origin.Licence.Sampletest" time="6.879" errors="0" timestamp="2024-05-31T18:11:01 IST" skipped="0">
  <testcase classname="Origin.Licence.Sampletest" name="click_on_Automation_dropdown_option" time="1.774"/>
  <system-out/>
  <testcase classname="Origin.Licence.Sampletest" name="clickonadd_button" time="5.105"/>
  <system-out/>
</testsuite> <!-- Origin.Licence.Sampletest -->
