<?xml version="1.0" encoding="UTF-8"?>
<!-- Generated by org.testng.reporters.JUnitReportReporter -->
<testsuite hostname="DESKTOP-AGOQQT3" failures="0" tests="2" name="Origin.Licence.Sampletest" time="5.480" errors="0" timestamp="2024-06-04T12:21:54 IST" skipped="0">
  <testcase classname="Origin.Licence.Sampletest" name="click_on_Licenece_Management_dropdown_option" time="0.140"/>
  <system-out/>
  <testcase classname="Origin.Licence.Sampletest" name="clickonadd_button" time="5.340"/>
  <system-out/>
</testsuite> <!-- Origin.Licence.Sampletest -->
